<?xml version="1.0" encoding="UTF-8"?>
<!-- Generated by org.testng.reporters.JUnitReportReporter -->
<testsuite skipped="0" hostname="LAPTOP-LDDE6EAS" name="tests.LoginTest" tests="2" failures="0" timestamp="01 Jun 2019 20:23:40 GMT" time="36.217" errors="0">
  <testcase name="loginWithWrongEmail" time="16.180" classname="tests.LoginTest"/>
  <testcase name="loginWithWrongPasswordTest" time="20.037" classname="tests.LoginTest"/>
</testsuite> <!-- tests.LoginTest -->
