<?xml version="1.0" encoding="UTF-8"?>
<!-- Generated by org.testng.reporters.JUnitReportReporter -->
<testsuite skipped="0" hostname="LAPTOP-LDDE6EAS" name="selenium.LoginTest" tests="2" failures="0" timestamp="01 Jun 2019 19:42:37 GMT" time="54.689" errors="0">
  <testcase name="loginWithWrongPasswordTest" time="37.364" classname="selenium.LoginTest"/>
  <testcase name="loginWithWrongEmail" time="17.325" classname="selenium.LoginTest"/>
</testsuite> <!-- selenium.LoginTest -->
