<?xml version="1.0" encoding="UTF-8"?>
<!-- Generated by org.testng.reporters.JUnitReportReporter -->
<testsuite skipped="0" hostname="LAPTOP-LDDE6EAS" name="tests.LoginTestp" tests="2" failures="0" timestamp="02 Jun 2019 19:51:57 GMT" time="33.049" errors="0">
  <testcase name="loginWithWrongEmail" time="13.047" classname="tests.LoginTestp"/>
  <testcase name="loginWithWrongPasswordTest" time="20.002" classname="tests.LoginTestp"/>
</testsuite> <!-- tests.LoginTestp -->
